Copyright 1986-2014 Xilinx, Inc. All Rights Reserved.
-------------------------------------------------------------------------------------------------
| Tool Version : Vivado v.2014.2 (win64) Build 932637 Wed Jun 11 13:33:10 MDT 2014
| Date         : Fri Nov 14 01:44:56 2014
| Host         : laptop running 64-bit Service Pack 1  (build 7601)
| Command      : report_clock_utilization -file zynq_design_wrapper_clock_utilization_placed.rpt
| Design       : zynq_design_wrapper
| Device       : xc7z020
-------------------------------------------------------------------------------------------------

Clock Utilization Report

Table of Contents
-----------------
1. Clock Primitive Utilization
2. Details of Global Clocks
3. Details of Regional Clocks
4. Details of Multi-Regional Clocks
5. Details of I/O Clocks
6. Details of Local Clocks
7. Clock Regions : Key Resource Utilization
8. Net wise resources used in clock region X0Y0
9. Net wise resources used in clock region X1Y0
10. Net wise resources used in clock region X1Y1
11. Net wise resources used in clock region X0Y2

1. Clock Primitive Utilization
------------------------------

+-------+------+-----------+-----------+
| Type  | Used | Available | Num Fixed |
+-------+------+-----------+-----------+
| BUFG  |    2 |        32 |         0 |
| BUFH  |    0 |        72 |         0 |
| BUFIO |    0 |        16 |         0 |
| MMCM  |    0 |         4 |         0 |
| PLL   |    0 |         4 |         0 |
| BUFR  |    0 |        16 |         0 |
| BUFMR |    0 |         8 |         0 |
+-------+------+-----------+-----------+


2. Details of Global Clocks
---------------------------

+-------+---------------------------------------------------------------------------+---------------------------------------------------+--------------+-------+---------------+-----------+
|       |                                                                           |                                                   |   Num Loads  |       |               |           |
+-------+---------------------------------------------------------------------------+---------------------------------------------------+------+-------+-------+---------------+-----------+
| Index | BUFG Cell                                                                 | Net Name                                          | BELs | Sites | Fixed | MaxDelay (ns) | Skew (ns) |
+-------+---------------------------------------------------------------------------+---------------------------------------------------+------+-------+-------+---------------+-----------+
|     1 | dbg_hub/inst/u_bufg_icon                                                  | dbg_hub/inst/idrck                                |  457 |   108 |    no |         1.888 |     0.230 |
|     2 | zynq_design_i/processing_system7_0/inst/buffer_fclk_clk_0.FCLK_CLK_0_BUFG | zynq_design_i/processing_system7_0/inst/FCLK_CLK0 | 3892 |  1170 |    no |         3.022 |     1.373 |
+-------+---------------------------------------------------------------------------+---------------------------------------------------+------+-------+-------+---------------+-----------+


3. Details of Regional Clocks
-----------------------------

4. Details of Multi-Regional Clocks
-----------------------------------

5. Details of I/O Clocks
------------------------

6. Details of Local Clocks
--------------------------

+-------+--------------------------------------------------+--------------------------------+--------------+-------+---------------+-----------+
|       |                                                  |                                |   Num Loads  |       |               |           |
+-------+--------------------------------------------------+--------------------------------+------+-------+-------+---------------+-----------+
| Index | Local Clk Src                                    | Net Name                       | BELs | Sites | Fixed | MaxDelay (ns) | Skew (ns) |
+-------+--------------------------------------------------+--------------------------------+------+-------+-------+---------------+-----------+
|     1 | dbg_hub/inst/bscan_inst/SERIES7_BSCAN.bscan_inst | dbg_hub/inst/bscan_inst/UPDATE |    1 |     1 |   yes |         0.000 |     0.000 |
+-------+--------------------------------------------------+--------------------------------+------+-------+-------+---------------+-----------+


7. Clock Regions : Key Resource Utilization
-------------------------------------------

+-------------------+--------------+--------------+--------------+--------------+--------------+--------------+--------------+--------------+--------------+--------------+--------------+--------------+--------------+--------------+--------------+
|                   | Global Clock |     BUFRs    |    BUFMRs    |    BUFIOs    |     MMCM     |      PLL     |      GT      |      PCI     |    ILOGIC    |    OLOGIC    |      FF      |     LUTM     |    RAMB18    |    RAMB36    |    DSP48E1   |
+-------------------+------+-------+------+-------+------+-------+------+-------+------+-------+------+-------+------+-------+------+-------+------+-------+------+-------+------+-------+------+-------+------+-------+------+-------+------+-------+
| Clock Region Name | Used | Avail | Used | Avail | Used | Avail | Used | Avail | Used | Avail | Used | Avail | Used | Avail | Used | Avail | Used | Avail | Used | Avail | Used | Avail | Used | Avail | Used | Avail | Used | Avail | Used | Avail |
+-------------------+------+-------+------+-------+------+-------+------+-------+------+-------+------+-------+------+-------+------+-------+------+-------+------+-------+------+-------+------+-------+------+-------+------+-------+------+-------+
| X0Y0              |    1 |    12 |    0 |     4 |    0 |     2 |    0 |     4 |    0 |     1 |    0 |     1 |    0 |     0 |    0 |     0 |    0 |    50 |    0 |    50 |   20 | 20000 |    0 |  4000 |    0 |    60 |    0 |    30 |    0 |    60 |
| X1Y0              |    2 |    12 |    0 |     4 |    0 |     2 |    0 |     4 |    0 |     1 |    0 |     1 |    0 |     0 |    0 |     0 |    0 |    50 |    0 |    50 | 3522 | 25600 |  672 |  3400 |    5 |    60 |   11 |    30 |    8 |    40 |
| X0Y1              |    0 |    12 |    0 |     0 |    0 |     0 |    0 |     0 |    0 |     0 |    0 |     0 |    0 |     0 |    0 |     0 |    0 |     0 |    0 |     0 |    0 |  9600 |    0 |  1600 |    0 |    20 |    0 |    10 |    0 |    20 |
| X1Y1              |    2 |    12 |    0 |     4 |    0 |     2 |    0 |     4 |    0 |     1 |    0 |     1 |    0 |     0 |    0 |     0 |    0 |    50 |    0 |    50 |  107 | 20800 |    0 |  3400 |    2 |    60 |    0 |    30 |    2 |    40 |
| X0Y2              |    1 |    12 |    0 |     0 |    0 |     0 |    0 |     0 |    0 |     0 |    0 |     0 |    0 |     0 |    0 |     0 |    0 |     0 |    0 |     0 |    0 |  9600 |    0 |  1600 |    0 |    20 |    0 |    10 |    0 |    20 |
| X1Y2              |    0 |    12 |    0 |     4 |    0 |     2 |    0 |     4 |    0 |     1 |    0 |     1 |    0 |     0 |    0 |     0 |    0 |    50 |    0 |    50 |    0 | 20800 |    0 |  3400 |    0 |    60 |    0 |    30 |    0 |    40 |
+-------------------+------+-------+------+-------+------+-------+------+-------+------+-------+------+-------+------+-------+------+-------+------+-------+------+-------+------+-------+------+-------+------+-------+------+-------+------+-------+
* RAMB36 site can be used as two RAMB18/FIFO18 sites


8. Net wise resources used in clock region X0Y0
-----------------------------------------------

+-------------+-------------+-------+-----------+----------+---------+-----------+---------+---------+-----+-------+----------+---------------------------------------------------+
| Source Type | BUFHCE Site | Fixed | MMCM Pins | PLL Pins | GT Pins | BRAM Pins | ILOGICs | OLOGICs | FFs | LUTMs | DSP48E1s |                   Clock Net Name                  |
+-------------+-------------+-------+-----------+----------+---------+-----------+---------+---------+-----+-------+----------+---------------------------------------------------+
| BUFG        |     ---     |   no  |         0 |        0 |       0 |         0 |       0 |       0 |  20 |     0 |        0 | zynq_design_i/processing_system7_0/inst/FCLK_CLK0 |
+-------------+-------------+-------+-----------+----------+---------+-----------+---------+---------+-----+-------+----------+---------------------------------------------------+


9. Net wise resources used in clock region X1Y0
-----------------------------------------------

+-------------+-------------+-------+-----------+----------+---------+-----------+---------+---------+------+-------+----------+---------------------------------------------------+
| Source Type | BUFHCE Site | Fixed | MMCM Pins | PLL Pins | GT Pins | BRAM Pins | ILOGICs | OLOGICs |  FFs | LUTMs | DSP48E1s |                   Clock Net Name                  |
+-------------+-------------+-------+-----------+----------+---------+-----------+---------+---------+------+-------+----------+---------------------------------------------------+
| BUFG        |     ---     |   no  |         0 |        0 |       0 |         0 |       0 |       0 |  432 |    24 |        0 | dbg_hub/inst/idrck                                |
| BUFG        |     ---     |   no  |         0 |        0 |       0 |        28 |       0 |       0 | 3089 |   648 |        7 | zynq_design_i/processing_system7_0/inst/FCLK_CLK0 |
+-------------+-------------+-------+-----------+----------+---------+-----------+---------+---------+------+-------+----------+---------------------------------------------------+


10. Net wise resources used in clock region X1Y1
------------------------------------------------

+-------------+-------------+-------+-----------+----------+---------+-----------+---------+---------+-----+-------+----------+---------------------------------------------------+
| Source Type | BUFHCE Site | Fixed | MMCM Pins | PLL Pins | GT Pins | BRAM Pins | ILOGICs | OLOGICs | FFs | LUTMs | DSP48E1s |                   Clock Net Name                  |
+-------------+-------------+-------+-----------+----------+---------+-----------+---------+---------+-----+-------+----------+---------------------------------------------------+
| BUFG        |     ---     |   no  |         0 |        0 |       0 |         0 |       0 |       0 |   1 |     0 |        0 | dbg_hub/inst/idrck                                |
| BUFG        |     ---     |   no  |         0 |        0 |       0 |         2 |       0 |       0 | 106 |     0 |        2 | zynq_design_i/processing_system7_0/inst/FCLK_CLK0 |
+-------------+-------------+-------+-----------+----------+---------+-----------+---------+---------+-----+-------+----------+---------------------------------------------------+


11. Net wise resources used in clock region X0Y2
------------------------------------------------

+-------------+-------------+-------+-----------+----------+---------+-----------+---------+---------+-----+-------+----------+---------------------------------------------------+
| Source Type | BUFHCE Site | Fixed | MMCM Pins | PLL Pins | GT Pins | BRAM Pins | ILOGICs | OLOGICs | FFs | LUTMs | DSP48E1s |                   Clock Net Name                  |
+-------------+-------------+-------+-----------+----------+---------+-----------+---------+---------+-----+-------+----------+---------------------------------------------------+
| BUFG        |     ---     |   no  |         0 |        0 |       0 |         0 |       0 |       0 |   0 |     0 |        0 | zynq_design_i/processing_system7_0/inst/FCLK_CLK0 |
+-------------+-------------+-------+-----------+----------+---------+-----------+---------+---------+-----+-------+----------+---------------------------------------------------+



# Location of BUFG Primitives 
set_property LOC BUFGCTRL_X0Y0 [get_cells dbg_hub/inst/u_bufg_icon]
set_property LOC BUFGCTRL_X0Y16 [get_cells zynq_design_i/processing_system7_0/inst/buffer_fclk_clk_0.FCLK_CLK_0_BUFG]

# Location of IO Clock Primitives

# Location of MMCM Clock Primitives

# Location of BUFH Clock Primitives

# Location of BUFR Clock Primitives

# Location of BUFMR Clock Primitives

# Location of PLL Clock Primitives

# Location of IO Primitives which is load of clock spine
set_property LOC IOB_X1Y23 [get_cells HDMI_clk_OBUF_inst]

# Location of clock ports

# Clock net "dbg_hub/inst/bscan_inst/UPDATE" driven by instance "dbg_hub/inst/bscan_inst/SERIES7_BSCAN.bscan_inst" located at site "BSCAN_X0Y0"
#startgroup
create_pblock CLKAG_dbg_hub/inst/bscan_inst/UPDATE
add_cells_to_pblock [get_pblocks  CLKAG_dbg_hub/inst/bscan_inst/UPDATE] [get_cells  -filter { IS_PRIMITIVE==1 && PRIMITIVE_LEVEL !=INTERNAL } -of_object [get_pins -filter {DIRECTION==IN} -of_objects [get_nets -hierarchical -filter {PARENT=="dbg_hub/inst/bscan_inst/UPDATE"}]]]
resize_pblock [get_pblocks CLKAG_dbg_hub/inst/bscan_inst/UPDATE] -add {CLOCKREGION_X1Y0:CLOCKREGION_X1Y0}
#endgroup

# Clock net "dbg_hub/inst/idrck" driven by instance "dbg_hub/inst/u_bufg_icon" located at site "BUFGCTRL_X0Y0"
#startgroup
create_pblock CLKAG_dbg_hub/inst/idrck
add_cells_to_pblock [get_pblocks  CLKAG_dbg_hub/inst/idrck] [get_cells  -filter { IS_PRIMITIVE==1 && PRIMITIVE_LEVEL !=INTERNAL } -of_object [get_pins -filter {DIRECTION==IN} -of_objects [get_nets -hierarchical -filter {PARENT=="dbg_hub/inst/idrck"}]]]
resize_pblock [get_pblocks CLKAG_dbg_hub/inst/idrck] -add {CLOCKREGION_X1Y0:CLOCKREGION_X1Y0 CLOCKREGION_X1Y1:CLOCKREGION_X1Y1}
#endgroup

# Clock net "zynq_design_i/processing_system7_0/inst/FCLK_CLK0" driven by instance "zynq_design_i/processing_system7_0/inst/buffer_fclk_clk_0.FCLK_CLK_0_BUFG" located at site "BUFGCTRL_X0Y16"
#startgroup
create_pblock CLKAG_zynq_design_i/processing_system7_0/inst/FCLK_CLK0
add_cells_to_pblock [get_pblocks  CLKAG_zynq_design_i/processing_system7_0/inst/FCLK_CLK0] [get_cells  -filter { IS_PRIMITIVE==1 && PRIMITIVE_LEVEL !=INTERNAL && NAME!=HDMI_clk_OBUF_inst} -of_object [get_pins -filter {DIRECTION==IN} -of_objects [get_nets -hierarchical -filter {PARENT=="zynq_design_i/processing_system7_0/inst/FCLK_CLK0"}]]]
resize_pblock [get_pblocks CLKAG_zynq_design_i/processing_system7_0/inst/FCLK_CLK0] -add {CLOCKREGION_X0Y0:CLOCKREGION_X0Y0 CLOCKREGION_X0Y2:CLOCKREGION_X0Y2 CLOCKREGION_X1Y0:CLOCKREGION_X1Y0 CLOCKREGION_X1Y1:CLOCKREGION_X1Y1}
#endgroup
